python scripts/probe.py --probe mlamaf --model mbert_base --lang es --pred_dir ./evl_mbert//es/  &> ./evl_mbert//es.out
[dynet] random seed: 52800252
[dynet] allocating memory: 512MB
[dynet] memory allocation done.
load data
BertTokenizer , Vocab Size 31002
load model
pid P19	acc 0.0000/0.0000	len_acc 0.2907/0.2907	prompt [X] nació en [Y] .
pid P19	#fact 908	#notrans 38	#notexist 54	#multiword 653,False	#singleword 255,False	oracle 0.0000	time 10.6
pid P20	acc 0.0000/0.0000	len_acc 0.3761/0.3761	prompt [X] murió en [Y] .
pid P20	#fact 920	#notrans 25	#notexist 55	#multiword 544,False	#singleword 376,False	oracle 0.0000	time 10.9
pid P279	acc 0.0000/0.0000	len_acc 0.2683/0.2683	prompt [X] es una subclase de [Y] .
pid P279	#fact 738	#notrans 252	#notexist 10	#multiword 498,False	#singleword 240,False	oracle 0.0000	time 9.4
pid P37	acc 0.0000/0.0000	len_acc 0.4919/0.4919	prompt La lengua oficial de [X] es [Y] .
pid P37	#fact 931	#notrans 50	#notexist 19	#multiword 409,False	#singleword 522,False	oracle 0.0000	time 11.1
pid P413	acc 0.0000/0.0000	len_acc 0.2345/0.2345	prompt [X] juega en la posición de [Y] .
pid P413	#fact 921	#notrans 14	#notexist 65	#multiword 710,False	#singleword 211,False	oracle 0.0000	time 11.2
pid P166	acc 0.0000/0.0000	len_acc 0.0529/0.0529	prompt [X] recibió [DEF;Y] [Y] .
pid P166	#fact 869	#notrans 108	#notexist 23	#multiword 869,False	#singleword 0,False	oracle 0.0000	time 10.2
pid P449	acc 0.0000/0.0000	len_acc 0.2391/0.2391	prompt [X] fue emitido originalmente en [Y] .
pid P449	#fact 389	#notrans 589	#notexist 22	#multiword 289,False	#singleword 100,False	oracle 0.0000	time 5.0
pid P69	acc 0.0000/0.0000	len_acc 0.0184/0.0184	prompt [X] fue educado en la Universidad de [Y] .
pid P69	#fact 868	#notrans 100	#notexist 32	#multiword 868,False	#singleword 0,False	oracle 0.0000	time 11.6
pid P47	acc 0.0000/0.0000	len_acc 0.3896/0.3896	prompt [X] comparte una frontera con [Y] .
pid P47	#fact 983	#notrans 9	#notexist 8	#multiword 598,False	#singleword 385,False	oracle 0.0000	time 11.9
pid P138	acc 0.0035/0.0035	len_acc 0.1047/0.1047	prompt [X] recibiò su nombre de [Y] .
pid P138	#fact 573	#notrans 413	#notexist 14	#multiword 523,False	#singleword 50,False	oracle 0.0035	time 7.5
pid P364	acc 0.0000/0.0000	len_acc 0.5877/0.5877	prompt El idioma original de [X] es [Y] .
pid P364	#fact 359	#notrans 630	#notexist 11	#multiword 34,False	#singleword 325,False	oracle 0.0000	time 4.3
pid P54	acc 0.0000/0.0000	len_acc 0.0498/0.0498	prompt [X] juega con [Y] .
pid P54	#fact 903	#notrans 50	#notexist 47	#multiword 903,False	#singleword 0,False	oracle 0.0000	time 10.5
pid P463	acc 0.0000/0.0000	len_acc 0.1062/0.1062	prompt [X] es [ART;X-Gender] [miembro;X-Gender=MASC|miembra;X-Gender=FEM] de [Y] .
pid P463	#fact 932	#notrans 51	#notexist 17	#multiword 886,False	#singleword 46,False	oracle 0.0000	time 11.4
pid P101	acc 0.0000/0.0000	len_acc 0.2433/0.2433	prompt [X] trabaja en [Y] .
pid P101	#fact 900	#notrans 43	#notexist 57	#multiword 740,False	#singleword 160,False	oracle 0.0000	time 10.9
pid P1923	acc 0.0000/0.0000	len_acc 0.0904/0.0904	prompt [Y] participo en [X] .
pid P1923	#fact 830	#notrans 93	#notexist 77	#multiword 829,False	#singleword 1,False	oracle 0.0000	time 9.8
pid P106	acc 0.0000/0.0000	len_acc 0.6444/0.6444	prompt [X] es [ART;Y-Gender] [Y] de profesiòn .
pid P106	#fact 942	#notrans 14	#notexist 44	#multiword 258,False	#singleword 684,False	oracle 0.0000	time 11.3
pid P527	acc 0.0012/0.0012	len_acc 0.1562/0.1562	prompt [X] consiste de [Y] .
pid P527	#fact 845	#notrans 126	#notexist 29	#multiword 711,False	#singleword 134,False	oracle 0.0012	time 10.2
pid P102	acc 0.0000/0.0000	len_acc 0.0024/0.0024	prompt [X] es [miembro;X-Gender=MASC|miembra;X-Gender=FEM] del partido [Y] .
pid P102	#fact 844	#notrans 110	#notexist 46	#multiword 844,False	#singleword 0,False	oracle 0.0000	time 10.6
pid P530	acc 0.0000/0.0000	len_acc 0.3350/0.3350	prompt [X] mantiene relaciones diplomaticas con [Y] .
pid P530	#fact 1000	#notrans 0	#notexist 0	#multiword 212,False	#singleword 788,False	oracle 0.0000	time 12.4
pid P176	acc 0.0000/0.0000	len_acc 0.1025/0.1025	prompt [X] es producido por [Y] .
pid P176	#fact 517	#notrans 476	#notexist 7	#multiword 466,False	#singleword 51,False	oracle 0.0000	time 6.2
pid P27	acc 0.0021/0.0021	len_acc 0.3786/0.3786	prompt [X] es [ciudadano;X-Gender=MASC|ciudadana;X-Gender=FEM] de [Y] .
pid P27	#fact 935	#notrans 2	#notexist 63	#multiword 543,False	#singleword 392,False	oracle 0.0021	time 11.0
pid P407	acc 0.0000/0.0000	len_acc 0.5050/0.5050	prompt [X] fue escrito en [Y] .
pid P407	#fact 695	#notrans 223	#notexist 82	#multiword 98,False	#singleword 597,False	oracle 0.0000	time 8.8
pid P30	acc 0.0000/0.0000	len_acc 0.5973/0.5973	prompt [X] està [localizado;X-Gender=MASC|localizada;X-Gender=FEM] en [Y] .
pid P30	#fact 442	#notrans 556	#notexist 2	#multiword 126,False	#singleword 316,False	oracle 0.0000	time 5.6
pid P178	acc 0.0000/0.0000	len_acc 0.2156/0.2156	prompt [X] està desarrollado en [Y] .
pid P178	#fact 603	#notrans 370	#notexist 27	#multiword 486,False	#singleword 117,False	oracle 0.0000	time 7.6
pid P1376	acc 0.0000/0.0000	len_acc 0.1589/0.1589	prompt [X] es la capital de [Y] .
pid P1376	#fact 875	#notrans 109	#notexist 16	#multiword 735,False	#singleword 140,False	oracle 0.0000	time 10.2
pid P131	acc 0.0000/0.0000	len_acc 0.3283/0.3283	prompt [X] està [localizado;X-Gender=MASC|localizada;X-Gender=FEM] en [Y] .
pid P131	#fact 597	#notrans 391	#notexist 12	#multiword 384,False	#singleword 213,False	oracle 0.0000	time 7.3
pid P1412	acc 0.0000/0.0000	len_acc 0.6452/0.6452	prompt [X] hablaba [Y] .
pid P1412	#fact 947	#notrans 0	#notexist 53	#multiword 153,False	#singleword 794,False	oracle 0.0000	time 11.2
pid P108	acc 0.0000/0.0000	len_acc 0.0977/0.0977	prompt [X] trabaja para [Y] .
pid P108	#fact 911	#notrans 52	#notexist 37	#multiword 861,False	#singleword 50,False	oracle 0.0000	time 10.9
pid P136	acc 0.0000/0.0000	len_acc 0.2555/0.2555	prompt [X] [toca;X-Number=SG|tocan;X-Number=PL] musica de [Y] .
pid P136	#fact 779	#notrans 186	#notexist 35	#multiword 540,False	#singleword 239,False	oracle 0.0000	time 9.6
pid P17	acc 0.0000/0.0000	len_acc 0.5693/0.5693	prompt [X] està [localizado;X-Gender=MASC|localizada;X-Gender=FEM] en [Y] .
pid P17	#fact 606	#notrans 376	#notexist 18	#multiword 236,False	#singleword 370,False	oracle 0.0000	time 7.5
pid P39	acc 0.0000/0.0000	len_acc 0.1975/0.1975	prompt [X] tiene la posiciòn de [Y] .
pid P39	#fact 876	#notrans 87	#notexist 37	#multiword 634,False	#singleword 242,False	oracle 0.0000	time 11.2
pid P264	acc 0.0000/0.0000	len_acc 0.1225/0.1225	prompt [X] [està;X-Number=SG|estan;X-Number=PL] [representado;X-Gender=MASC|representada;X-Gender=FEM|representados;X-Number=PL] por el sello musical [Y] .
pid P264	#fact 906	#notrans 6	#notexist 88	#multiword 904,False	#singleword 2,False	oracle 0.0000	time 12.0
pid P276	acc 0.0000/0.0000	len_acc 0.2102/0.2102	prompt [X] està [localizado;X-Gender=MASC|localizada;X-Gender=FEM] en [Y] .
pid P276	#fact 590	#notrans 403	#notexist 7	#multiword 464,False	#singleword 126,False	oracle 0.0000	time 7.6
pid P937	acc 0.0000/0.0000	len_acc 0.5134/0.5134	prompt [X] trabajaba en [Y] .
pid P937	#fact 931	#notrans 8	#notexist 61	#multiword 348,False	#singleword 583,False	oracle 0.0000	time 11.2
pid P140	acc 0.0000/0.0000	len_acc 0.1265/0.1265	prompt [X] està [afilado;X-Gender=MASC|afilada;X-Gender=FEM] con la religiòn [Y] .
pid P140	#fact 838	#notrans 111	#notexist 51	#multiword 727,False	#singleword 111,False	oracle 0.0000	time 11.4
pid P1303	acc 0.0000/0.0000	len_acc 0.4015/0.4015	prompt [X] [toca;X-Number=SG|tocan;X-Number=PL] [DEF;Y] [Y] .
pid P1303	#fact 954	#notrans 6	#notexist 40	#multiword 581,False	#singleword 373,False	oracle 0.0000	time 11.0
pid P127	acc 0.0000/0.0000	len_acc 0.1099/0.1099	prompt El [dueño;Y-Gender=MASC|dueña;Y-Gender=FEM] de [X] es [Y] .
pid P127	#fact 473	#notrans 504	#notexist 23	#multiword 416,False	#singleword 57,False	oracle 0.0000	time 5.7
pid P103	acc 0.0000/0.0000	len_acc 0.5275/0.5275	prompt El idioma nativo de [X] es [Y] .
pid P103	#fact 946	#notrans 3	#notexist 51	#multiword 80,False	#singleword 866,False	oracle 0.0000	time 12.2
pid P190	acc 0.0000/0.0000	len_acc 0.3013/0.3013	prompt [X] y [Y] son ciudades gemelas.
pid P190	#fact 989	#notrans 9	#notexist 2	#multiword 608,False	#singleword 381,False	oracle 0.0000	time 11.9
pid P1001	acc 0.0109/0.0109	len_acc 0.4044/0.4044	prompt [X] es un tema legal de [Y] .
pid P1001	#fact 549	#notrans 449	#notexist 2	#multiword 323,False	#singleword 226,False	oracle 0.0109	time 7.0
pid P31	acc 0.0000/0.0000	len_acc 0.2709/0.2709	prompt [X] es un ejemplo de [ART;Y-Gender] [Y] .
pid P31	#fact 539	#notrans 434	#notexist 27	#multiword 384,False	#singleword 155,False	oracle 0.0000	time 6.8
pid P495	acc 0.0000/0.0000	len_acc 0.3372/0.3372	prompt [X] fue [creado;X-Gender=MASC|creada;X-Gender=FEM] en [Y] .
pid P495	#fact 596	#notrans 357	#notexist 47	#multiword 507,False	#singleword 89,False	oracle 0.0000	time 7.1
pid P159	acc 0.0020/0.0020	len_acc 0.3281/0.3281	prompt La sede de [X] està en [Y] .
pid P159	#fact 512	#notrans 474	#notexist 14	#multiword 314,False	#singleword 198,False	oracle 0.0020	time 6.9
pid P36	acc 0.0000/0.0000	len_acc 0.1620/0.1620	prompt La capital de [X] es [Y] .
pid P36	#fact 901	#notrans 84	#notexist 15	#multiword 773,False	#singleword 128,False	oracle 0.0000	time 10.6
pid P740	acc 0.0000/0.0000	len_acc 0.3156/0.3156	prompt [X] fue [fundado;X-Gender=MASC|fundada;X-Gender=FEM] en [Y] .
pid P740	#fact 808	#notrans 156	#notexist 36	#multiword 530,False	#singleword 278,False	oracle 0.0000	time 9.8
pid P361	acc 0.0000/0.0000	len_acc 0.1091/0.1091	prompt [X] es parte de [Y] .
pid P361	#fact 614	#notrans 360	#notexist 26	#multiword 548,False	#singleword 66,False	oracle 0.0000	time 7.6
acc per fact 12/35584=0.0003	acc per relation 0.0004281512506654106	avg iter 1.0	num_max_mask 3003
