python scripts/probe_fvt.py --probe mlamaf --model mbert_base --lang tr --pred_dir ./evl_mbert_fvt_mlamaf//tr/  &> ./evl_mbert_fvt_mlamaf//tr.out
[dynet] random seed: 4079788934
[dynet] allocating memory: 512MB
[dynet] memory allocation done.
load data
BertTokenizer , Vocab Size 32000
24641 tokens are not shared
pid P19	acc 0.0000/0.0000	len_acc 0.0796/0.3097	prompt [X] [Y.Loc] doğdu .
pid P19	#fact 113	#notrans 886	#notexist 1	#multiword 77,False	#singleword 36,False	oracle 0.0000	time 4.5
pid P20	acc 0.0000/0.0000	len_acc 0.1895/0.2745	prompt [X] [Y.Loc] öldü .
pid P20	#fact 153	#notrans 847	#notexist 0	#multiword 84,False	#singleword 69,False	oracle 0.0000	time 3.7
pid P279	acc 0.0000/0.0000	len_acc 0.0988/0.2494	prompt [X] [Y.Gen] alt sınıfıdır .
pid P279	#fact 425	#notrans 575	#notexist 0	#multiword 324,False	#singleword 101,False	oracle 0.0000	time 14.6
pid P37	acc 0.0000/0.0000	len_acc 0.0380/0.3609	prompt [X.Gen] resmi dili [Y;be] .
pid P37	#fact 895	#notrans 105	#notexist 0	#multiword 543,False	#singleword 352,False	oracle 0.0000	time 25.5
pid P413	acc 0.0000/0.0000	len_acc 0.2300/0.2300	prompt [X] [Y] pozisyonunda oynar .
pid P413	#fact 100	#notrans 898	#notexist 2	#multiword 100,False	#singleword 0,False	oracle 0.0000	time 1.0
pid P166	acc 0.0000/0.0000	len_acc 0.0068/0.0068	prompt [X] [Y] ile ödüllendirildi .
pid P166	#fact 293	#notrans 707	#notexist 0	#multiword 293,False	#singleword 0,False	oracle 0.0000	time 2.8
pid P449	acc 0.0000/0.0000	len_acc 0.0000/0.0408	prompt [X] orijinal olarak [Y.Loc] yayınlandı .
pid P449	#fact 147	#notrans 853	#notexist 0	#multiword 145,False	#singleword 2,False	oracle 0.0000	time 3.1
pid P69	acc 0.0000/0.0000	len_acc 0.0200/0.0200	prompt [X] [Y] Üniversitesi'nde eğitim aldı .
pid P69	#fact 50	#notrans 950	#notexist 0	#multiword 50,False	#singleword 0,False	oracle 0.0000	time 0.5
pid P47	acc 0.0000/0.0000	len_acc 0.3024/0.3024	prompt [X] [Y] ile sınır paylaşır .
pid P47	#fact 883	#notrans 117	#notexist 0	#multiword 638,False	#singleword 245,False	oracle 0.0000	time 8.1
pid P138	acc 0.0000/0.0000	len_acc 0.0372/0.1116	prompt [X] [Y.Gen] ismini aldı .
pid P138	#fact 242	#notrans 758	#notexist 0	#multiword 213,False	#singleword 29,False	oracle 0.0000	time 6.2
pid P364	acc 0.0000/0.0000	len_acc 0.0616/0.5685	prompt [X.Gen] orijinal dili [Y;be] .
pid P364	#fact 146	#notrans 854	#notexist 0	#multiword 45,False	#singleword 101,False	oracle 0.0000	time 2.6
pid P54	acc 0.0000/0.0000	len_acc 0.0256/0.0256	prompt [X] [Y] ile oynar .
pid P54	#fact 117	#notrans 883	#notexist 0	#multiword 117,False	#singleword 0,False	oracle 0.0000	time 1.3
pid P463	acc 0.0000/0.0000	len_acc 0.0561/0.1425	prompt [X] [Y.Gen] bir üyesidir .
pid P463	#fact 428	#notrans 572	#notexist 0	#multiword 376,False	#singleword 52,False	oracle 0.0000	time 7.5
pid P101	acc 0.0000/0.0000	len_acc 0.2308/0.2308	prompt [X] [Y] alanında çalışır .
pid P101	#fact 299	#notrans 701	#notexist 0	#multiword 231,False	#singleword 68,False	oracle 0.0000	time 2.8
pid P1923	acc 0.0000/0.0000	len_acc 0.0000/0.0000	prompt [Y] [X.Acc] katıldı .
pid P1923	#fact 755	#notrans 245	#notexist 0	#multiword 755,False	#singleword 0,False	oracle 0.0000	time 15.0
pid P106	acc 0.0000/0.0000	len_acc 0.0000/0.5385	prompt [X] meslek olarak [Y;be] .
pid P106	#fact 195	#notrans 805	#notexist 0	#multiword 88,False	#singleword 107,False	oracle 0.0000	time 1.8
pid P527	acc 0.0000/0.0000	len_acc 0.0226/0.1923	prompt [X] [Y.Abl] oluşur .
pid P527	#fact 442	#notrans 557	#notexist 1	#multiword 355,False	#singleword 87,False	oracle 0.0000	time 19.5
pid P102	acc 0.0000/0.0000	len_acc 0.0000/0.0000	prompt [X] [Y] partisinin üyesidir .
pid P102	#fact 105	#notrans 895	#notexist 0	#multiword 105,False	#singleword 0,False	oracle 0.0000	time 1.2
pid P530	acc 0.0000/0.0000	len_acc 0.6050/0.6050	prompt [X] [Y] ile diplomatik ilişkiler sürdürmektedir .
pid P530	#fact 1000	#notrans 0	#notexist 0	#multiword 276,False	#singleword 724,False	oracle 0.0000	time 11.6
pid P176	acc 0.1633/0.1633	len_acc 0.2567/0.2567	prompt [X] [Y] tarafından üretilir .
pid P176	#fact 300	#notrans 700	#notexist 0	#multiword 219,False	#singleword 81,False	oracle 0.1633	time 4.2
pid P27	acc 0.0000/0.0000	len_acc 0.2365/0.2365	prompt [X] bir [Y] vatandaşıdır .
pid P27	#fact 241	#notrans 759	#notexist 0	#multiword 159,False	#singleword 82,False	oracle 0.0000	time 3.0
pid P407	acc 0.0000/0.0000	len_acc 0.0199/0.5831	prompt [X] [Y.Loc] yazıldı .
pid P407	#fact 403	#notrans 597	#notexist 0	#multiword 147,False	#singleword 256,False	oracle 0.0000	time 6.4
pid P30	acc 0.0000/0.0000	len_acc 0.1914/0.4414	prompt [X] [Y.Loc] bulunur .
pid P30	#fact 324	#notrans 676	#notexist 0	#multiword 127,False	#singleword 197,False	oracle 0.0000	time 4.5
pid P178	acc 0.0554/0.0554	len_acc 0.2583/0.2583	prompt [X] [Y] tarafından geliştirildi .
pid P178	#fact 271	#notrans 729	#notexist 0	#multiword 158,False	#singleword 113,False	oracle 0.0554	time 2.6
pid P1376	acc 0.0000/0.0000	len_acc 0.0416/0.1248	prompt [X] [Y.Gen] başkentidir .
pid P1376	#fact 769	#notrans 231	#notexist 0	#multiword 687,False	#singleword 82,False	oracle 0.0000	time 22.2
pid P131	acc 0.0000/0.0000	len_acc 0.0975/0.3175	prompt [X] [Y.Loc] bulunur .
pid P131	#fact 441	#notrans 559	#notexist 0	#multiword 270,False	#singleword 171,False	oracle 0.0000	time 10.5
pid P1412	acc 0.0000/0.0000	len_acc 0.5942/0.5942	prompt [X] [Y] dilinde iletişim kurardı .
pid P1412	#fact 377	#notrans 622	#notexist 1	#multiword 136,False	#singleword 241,False	oracle 0.0000	time 3.5
pid P108	acc 0.0000/0.0000	len_acc 0.0714/0.0714	prompt [X] [Y] için çalışır .
pid P108	#fact 140	#notrans 860	#notexist 0	#multiword 132,False	#singleword 8,False	oracle 0.0000	time 1.3
pid P136	acc 0.0000/0.0000	len_acc 0.2846/0.2846	prompt [X] [Y] müzik yapar .
pid P136	#fact 253	#notrans 747	#notexist 0	#multiword 204,False	#singleword 49,False	oracle 0.0000	time 2.4
pid P17	acc 0.0000/0.0000	len_acc 0.1474/0.4947	prompt [X] [Y.Loc] bulunur .
pid P17	#fact 475	#notrans 524	#notexist 1	#multiword 178,False	#singleword 297,False	oracle 0.0000	time 6.4
pid P39	acc 0.0000/0.0000	len_acc 0.1302/0.1302	prompt [X] [Y] pozisyonuna sahiptir .
pid P39	#fact 315	#notrans 685	#notexist 0	#multiword 287,False	#singleword 28,False	oracle 0.0000	time 3.0
pid P264	acc 0.0000/0.0000	len_acc 0.0321/0.0321	prompt [X] [Y] müzik şirketi tarafından temsil edilir .
pid P264	#fact 156	#notrans 844	#notexist 0	#multiword 155,False	#singleword 1,False	oracle 0.0000	time 1.5
pid P276	acc 0.0000/0.0000	len_acc 0.0742/0.2734	prompt [X] [Y.Loc] bulunur .
pid P276	#fact 256	#notrans 744	#notexist 0	#multiword 175,False	#singleword 81,False	oracle 0.0000	time 4.0
pid P937	acc 0.0000/0.0000	len_acc 0.0633/0.5696	prompt [X] [Y.Loc] çalışırdı .
pid P937	#fact 237	#notrans 763	#notexist 0	#multiword 97,False	#singleword 140,False	oracle 0.0000	time 3.0
pid P140	acc 0.0000/0.0000	len_acc 0.3221/0.3221	prompt [X] [Y] dinine mensuptur .
pid P140	#fact 267	#notrans 733	#notexist 0	#multiword 208,False	#singleword 59,False	oracle 0.0000	time 2.6
pid P1303	acc 0.0000/0.0000	len_acc 0.2118/0.2118	prompt [X] [Y] çalar .
pid P1303	#fact 170	#notrans 830	#notexist 0	#multiword 146,False	#singleword 24,False	oracle 0.0000	time 2.3
pid P127	acc 0.0000/0.0000	len_acc 0.0847/0.1290	prompt [X] [Y.Dat] aittir .
pid P127	#fact 248	#notrans 752	#notexist 0	#multiword 211,False	#singleword 37,False	oracle 0.0000	time 6.6
pid P103	acc 0.0000/0.0000	len_acc 0.0516/0.5012	prompt [X.Gen] anadili [Y;be] .
pid P103	#fact 407	#notrans 592	#notexist 1	#multiword 74,False	#singleword 333,False	oracle 0.0000	time 16.8
pid P190	acc 0.0000/0.0000	len_acc 0.2604/0.2604	prompt [X] ve [Y] ikiz şehirlerdir .
pid P190	#fact 964	#notrans 36	#notexist 0	#multiword 655,False	#singleword 309,False	oracle 0.0000	time 9.0
pid P1001	acc 0.0000/0.0000	len_acc 0.0837/0.3498	prompt [X] [Y.Loc] bir yasal şarttır .
pid P1001	#fact 263	#notrans 737	#notexist 0	#multiword 169,False	#singleword 94,False	oracle 0.0000	time 6.9
pid P31	acc 0.0000/0.0000	len_acc 0.0310/0.2209	prompt [X] bir [Y;be] .
pid P31	#fact 258	#notrans 742	#notexist 0	#multiword 224,False	#singleword 34,False	oracle 0.0000	time 3.2
pid P495	acc 0.0000/0.0000	len_acc 0.0275/0.1216	prompt [X] [Y.Loc] yaratıldı .
pid P495	#fact 255	#notrans 745	#notexist 0	#multiword 218,False	#singleword 37,False	oracle 0.0000	time 3.8
pid P159	acc 0.0000/0.0000	len_acc 0.0000/0.3165	prompt [X.Gen] karargahı [Y.Loc] .
pid P159	#fact 278	#notrans 722	#notexist 0	#multiword 190,False	#singleword 88,False	oracle 0.0000	time 22.4
pid P36	acc 0.0000/0.0000	len_acc 0.0014/0.1577	prompt [X.Gen] başkenti [Y;be] .
pid P36	#fact 710	#notrans 289	#notexist 1	#multiword 621,False	#singleword 89,False	oracle 0.0000	time 13.9
pid P740	acc 0.0000/0.0000	len_acc 0.0531/0.2980	prompt [X] [Y.Loc] kuruldu .
pid P740	#fact 245	#notrans 755	#notexist 0	#multiword 181,False	#singleword 64,False	oracle 0.0000	time 3.4
pid P361	acc 0.0000/0.0000	len_acc 0.1250/0.1607	prompt [X] [Y.Gen] parçasıdır .
pid P361	#fact 336	#notrans 664	#notexist 0	#multiword 288,False	#singleword 48,False	oracle 0.0000	time 7.8
acc per fact 64/16147=0.0040	acc per relation 0.0047539975399737726	avg iter 1.0	num_max_mask 1971
