python scripts/probe.py --probe mlamaf --model mbert_focus_zh_1000 --lang zh --pred_dir ./evl_mbert_focus_continue_pretraining//zh_1000/  &> ./evl_mbert_focus_continue_pretraining//zh_1000.out
[dynet] random seed: 1648752094
[dynet] allocating memory: 512MB
[dynet] memory allocation done.
load data
load model
pid P19	acc 0.0000/0.0000	len_acc 0.1553/0.1553	prompt [X]的出生地是[Y]。
pid P19	#fact 161	#notrans 835	#notexist 4	#multiword 161,False	#singleword 0,False	oracle 0.0000	time 36.3
pid P20	acc 0.0100/0.0100	len_acc 0.0896/0.0896	prompt [X]的死亡地是[Y]。
pid P20	#fact 201	#notrans 790	#notexist 9	#multiword 201,False	#singleword 0,False	oracle 0.0100	time 1.8
pid P279	acc 0.0443/0.0443	len_acc 0.2049/0.2049	prompt [X]的父类是[Y]。
pid P279	#fact 654	#notrans 278	#notexist 68	#multiword 622,False	#singleword 32,False	oracle 0.0443	time 5.3
pid P37	acc 0.1387/0.1387	len_acc 0.2744/0.2744	prompt [X]的官方语言是[Y]。
pid P37	#fact 973	#notrans 25	#notexist 2	#multiword 973,False	#singleword 0,False	oracle 0.1387	time 8.2
pid P413	acc 0.2812/0.2812	len_acc 0.6198/0.6198	prompt [X]的场上位置是[Y]。
pid P413	#fact 192	#notrans 807	#notexist 1	#multiword 192,False	#singleword 0,False	oracle 0.2812	time 1.7
pid P166	acc 0.0000/0.0000	len_acc 0.0000/0.0000	prompt [X]被授予[Y]。
pid P166	#fact 407	#notrans 569	#notexist 24	#multiword 407,False	#singleword 0,False	oracle 0.0000	time 3.7
pid P449	acc 0.0000/0.0000	len_acc 0.0958/0.0958	prompt [X]首播于[Y]。
pid P449	#fact 313	#notrans 597	#notexist 90	#multiword 313,False	#singleword 0,False	oracle 0.0000	time 2.6
pid P69	acc 0.0000/0.0000	len_acc 0.0588/0.0588	prompt [X]就读于[Y]。
pid P69	#fact 119	#notrans 870	#notexist 11	#multiword 119,False	#singleword 0,False	oracle 0.0000	time 1.1
pid P47	acc 0.0102/0.0102	len_acc 0.1707/0.1707	prompt [X]和[Y]接壤。
pid P47	#fact 984	#notrans 16	#notexist 0	#multiword 984,False	#singleword 0,False	oracle 0.0102	time 8.3
pid P138	acc 0.0981/0.0981	len_acc 0.1685/0.1685	prompt [X]是以[Y]命名的。
pid P138	#fact 540	#notrans 437	#notexist 23	#multiword 538,False	#singleword 2,False	oracle 0.0981	time 4.7
pid P364	acc 0.0821/0.0821	len_acc 0.2127/0.2127	prompt [X]的创作语言是[Y]。
pid P364	#fact 268	#notrans 726	#notexist 6	#multiword 268,False	#singleword 0,False	oracle 0.0821	time 2.4
pid P54	acc 0.0000/0.0000	len_acc 0.0168/0.0168	prompt [X]的所属运动队是[Y]。
pid P54	#fact 179	#notrans 818	#notexist 3	#multiword 179,False	#singleword 0,False	oracle 0.0000	time 1.6
pid P463	acc 0.0019/0.0019	len_acc 0.0148/0.0148	prompt [X]是[Y]的成员。
pid P463	#fact 539	#notrans 420	#notexist 41	#multiword 539,False	#singleword 0,False	oracle 0.0019	time 4.5
pid P101	acc 0.0021/0.0021	len_acc 0.0128/0.0128	prompt [X]的工作领域是[Y]。
pid P101	#fact 467	#notrans 520	#notexist 13	#multiword 466,False	#singleword 1,False	oracle 0.0021	time 4.0
pid P1923	acc 0.0000/0.0000	len_acc 0.0000/0.0000	prompt [X]的参与队伍是[Y]。
pid P1923	#fact 865	#notrans 115	#notexist 20	#multiword 865,False	#singleword 0,False	oracle 0.0000	time 7.3
pid P106	acc 0.0127/0.0127	len_acc 0.3726/0.3726	prompt [X]的职业是[Y]。
pid P106	#fact 314	#notrans 681	#notexist 5	#multiword 313,False	#singleword 1,False	oracle 0.0127	time 2.6
pid P527	acc 0.0034/0.0034	len_acc 0.1531/0.1531	prompt [X]子类是[Y]。
pid P527	#fact 588	#notrans 350	#notexist 62	#multiword 519,False	#singleword 69,False	oracle 0.0034	time 4.6
pid P102	acc 0.0000/0.0000	len_acc 0.0000/0.0000	prompt [X]属于[Y]政党。
pid P102	#fact 270	#notrans 727	#notexist 3	#multiword 270,False	#singleword 0,False	oracle 0.0000	time 2.5
pid P530	acc 0.0050/0.0050	len_acc 0.2240/0.2240	prompt [X]与[Y]是邦交国。
pid P530	#fact 1000	#notrans 0	#notexist 0	#multiword 1000,False	#singleword 0,False	oracle 0.0050	time 8.9
pid P176	acc 0.0299/0.0299	len_acc 0.1567/0.1567	prompt [X]的生产商是[Y]。
pid P176	#fact 134	#notrans 587	#notexist 279	#multiword 134,False	#singleword 0,False	oracle 0.0299	time 1.3
pid P27	acc 0.3003/0.3003	len_acc 0.6326/0.6326	prompt [X]的国籍是[Y]。
pid P27	#fact 313	#notrans 678	#notexist 9	#multiword 313,False	#singleword 0,False	oracle 0.3003	time 2.5
pid P407	acc 0.2943/0.2943	len_acc 0.4715/0.4715	prompt [X]的语言是[Y]。
pid P407	#fact 316	#notrans 656	#notexist 28	#multiword 316,False	#singleword 0,False	oracle 0.2943	time 2.5
pid P30	acc 0.0138/0.0138	len_acc 0.0700/0.0700	prompt [X]所属大洲是[Y]。
pid P30	#fact 943	#notrans 56	#notexist 1	#multiword 943,False	#singleword 0,False	oracle 0.0138	time 7.3
pid P178	acc 0.0000/0.0000	len_acc 0.0458/0.0458	prompt [X]是由[Y]开发的。
pid P178	#fact 131	#notrans 494	#notexist 375	#multiword 131,False	#singleword 0,False	oracle 0.0000	time 1.2
pid P1376	acc 0.0132/0.0132	len_acc 0.0724/0.0724	prompt [X]是[Y]的首府。
pid P1376	#fact 911	#notrans 88	#notexist 1	#multiword 911,False	#singleword 0,False	oracle 0.0132	time 6.9
pid P131	acc 0.0000/0.0000	len_acc 0.0194/0.0194	prompt [X]的行政区是[Y]。
pid P131	#fact 619	#notrans 378	#notexist 3	#multiword 619,False	#singleword 0,False	oracle 0.0000	time 4.9
pid P1412	acc 0.2796/0.2796	len_acc 0.4027/0.4027	prompt [X]的语言是[Y]。
pid P1412	#fact 447	#notrans 550	#notexist 3	#multiword 447,False	#singleword 0,False	oracle 0.2796	time 3.7
pid P108	acc 0.0000/0.0000	len_acc 0.0167/0.0167	prompt [X]的雇主是[Y]。
pid P108	#fact 240	#notrans 751	#notexist 9	#multiword 240,False	#singleword 0,False	oracle 0.0000	time 2.0
pid P136	acc 0.0000/0.0000	len_acc 0.0212/0.0212	prompt [X]的艺术流派是[Y]。
pid P136	#fact 377	#notrans 587	#notexist 36	#multiword 377,False	#singleword 0,False	oracle 0.0000	time 3.0
pid P17	acc 0.1684/0.1684	len_acc 0.2852/0.2852	prompt [X]的主权国家是[Y]。
pid P17	#fact 582	#notrans 411	#notexist 7	#multiword 582,False	#singleword 0,False	oracle 0.1684	time 4.7
pid P39	acc 0.0000/0.0000	len_acc 0.0994/0.0994	prompt [X]的职位是[Y]。
pid P39	#fact 533	#notrans 456	#notexist 11	#multiword 533,False	#singleword 0,False	oracle 0.0000	time 4.3
pid P264	acc 0.0000/0.0000	len_acc 0.1250/0.1250	prompt [X]的唱片厂商是[Y]。
pid P264	#fact 96	#notrans 817	#notexist 87	#multiword 96,False	#singleword 0,False	oracle 0.0000	time 0.8
pid P276	acc 0.0426/0.0426	len_acc 0.0745/0.0745	prompt [X]位于[Y]。
pid P276	#fact 470	#notrans 522	#notexist 8	#multiword 469,False	#singleword 1,False	oracle 0.0426	time 3.7
pid P937	acc 0.0065/0.0065	len_acc 0.0388/0.0388	prompt [X]的工作地点是[Y]。
pid P937	#fact 309	#notrans 690	#notexist 1	#multiword 309,False	#singleword 0,False	oracle 0.0065	time 2.6
pid P140	acc 0.0277/0.0277	len_acc 0.1501/0.1501	prompt [X]的宗教信仰是[Y]。
pid P140	#fact 433	#notrans 556	#notexist 11	#multiword 433,False	#singleword 0,False	oracle 0.0277	time 3.5
pid P1303	acc 0.0000/0.0000	len_acc 0.0164/0.0164	prompt [X]演奏[Y]。
pid P1303	#fact 244	#notrans 751	#notexist 5	#multiword 241,False	#singleword 3,False	oracle 0.0000	time 2.0
pid P127	acc 0.0025/0.0025	len_acc 0.0506/0.0506	prompt [X]归[Y]所有。
pid P127	#fact 395	#notrans 502	#notexist 103	#multiword 395,False	#singleword 0,False	oracle 0.0025	time 3.1
pid P103	acc 0.3418/0.3418	len_acc 0.6306/0.6306	prompt [X]的母语是[Y]。
pid P103	#fact 471	#notrans 523	#notexist 6	#multiword 471,False	#singleword 0,False	oracle 0.3418	time 3.8
pid P190	acc 0.0000/0.0000	len_acc 0.1102/0.1102	prompt [X]与[Y]是友好城市。
pid P190	#fact 989	#notrans 10	#notexist 1	#multiword 989,False	#singleword 0,False	oracle 0.0000	time 7.6
pid P1001	acc 0.0079/0.0079	len_acc 0.0111/0.0111	prompt [X]的管辖范围是[Y]。
pid P1001	#fact 629	#notrans 366	#notexist 5	#multiword 629,False	#singleword 0,False	oracle 0.0079	time 5.1
pid P31	acc 0.0280/0.0280	len_acc 0.2331/0.2331	prompt [X]属于[Y]。
pid P31	#fact 429	#notrans 541	#notexist 30	#multiword 385,False	#singleword 44,False	oracle 0.0280	time 3.3
pid P495	acc 0.0171/0.0171	len_acc 0.2422/0.2422	prompt [X]的原产地是[Y]。
pid P495	#fact 351	#notrans 605	#notexist 44	#multiword 351,False	#singleword 0,False	oracle 0.0171	time 2.8
pid P159	acc 0.0402/0.0402	len_acc 0.1365/0.1365	prompt [X]的总部位于[Y]。
pid P159	#fact 498	#notrans 460	#notexist 42	#multiword 498,False	#singleword 0,False	oracle 0.0402	time 4.0
pid P36	acc 0.0505/0.0505	len_acc 0.1813/0.1813	prompt [X]的行政中心是[Y]。
pid P36	#fact 910	#notrans 89	#notexist 1	#multiword 910,False	#singleword 0,False	oracle 0.0505	time 7.3
pid P740	acc 0.0000/0.0000	len_acc 0.1923/0.1923	prompt [X]成立于[Y]。
pid P740	#fact 312	#notrans 634	#notexist 54	#multiword 312,False	#singleword 0,False	oracle 0.0000	time 2.8
pid P361	acc 0.0000/0.0000	len_acc 0.0615/0.0615	prompt [X]构成[Y]。
pid P361	#fact 553	#notrans 411	#notexist 36	#multiword 546,False	#singleword 7,False	oracle 0.0000	time 4.9
acc per fact 1042/21669=0.0481	acc per relation 0.05117624463290188	avg iter 1.0	num_max_mask 4235
